#
# There is insufficient memory for the Java Runtime Environment to continue.
# Native memory allocation (malloc) failed to allocate 32744 bytes for ChunkPool::allocate
# Possible reasons:
#   The system is out of physical RAM or swap space
#   The process is running with CompressedOops enabled, and the Java Heap may be blocking the growth of the native heap
# Possible solutions:
#   Reduce memory load on the system
#   Increase physical memory or swap space
#   Check if swap backing store is full
#   Decrease Java heap size (-Xmx/-Xms)
#   Decrease number of Java threads
#   Decrease Java thread stack sizes (-Xss)
#   Set larger code cache with -XX:ReservedCodeCacheSize=
#   JVM is running with Unscaled Compressed Oops mode in which the Java heap is
#     placed in the first 4GB address space. The Java Heap base address is the
#     maximum limit for the native heap growth. Please use -XX:HeapBaseMinAddress
#     to set the Java Heap base and to place the Java Heap above 4GB virtual address.
# This output file may be truncated or incomplete.
#
#  Out of Memory Error (arena.cpp:78), pid=11128, tid=12188
#
# JRE version: Java(TM) SE Runtime Environment (17.0.12+8) (build 17.0.12+8-LTS-286)
# Java VM: Java HotSpot(TM) 64-Bit Server VM (17.0.12+8-LTS-286, mixed mode, sharing, tiered, compressed oops, compressed class ptrs, g1 gc, windows-amd64)
# No core dump will be written. Minidumps are not enabled by default on client versions of Windows
#

---------------  S U M M A R Y ------------

Command Line: org.jetbrains.kotlin.cli.jvm.K2JVMCompiler @C:\Users\hp\3D Objects\My Project\react-native\30days-challenge\node_modules\@react-native\gradle-plugin\shared\build\20250923_5804269800745922955.compiler.options

Host: Intel(R) Core(TM) i5-6300U CPU @ 2.40GHz, 4 cores, 7G,  Windows 10 , 64 bit Build 19041 (10.0.19041.5915)
Time: Tue Sep 23 12:35:30 2025 W. Central Africa Standard Time elapsed time: 10.978230 seconds (0d 0h 0m 10s)

---------------  T H R E A D  ---------------

Current thread (0x000002aa2e4b4990):  JavaThread "C2 CompilerThread0" daemon [_thread_in_native, id=12188, stack(0x000000b24c200000,0x000000b24c300000)]


Current CompileTask:
C2:  10978 5542   !   4       org.jetbrains.kotlin.metadata.ProtoBuf$Function::<init> (1508 bytes)

Stack: [0x000000b24c200000,0x000000b24c300000]
Native frames: (J=compiled Java code, j=interpreted, Vv=VM code, C=native code)
V  [jvm.dll+0x67a04a]
V  [jvm.dll+0x7da4ed]
V  [jvm.dll+0x7dbe33]
V  [jvm.dll+0x7dc4a3]
V  [jvm.dll+0x24508f]
V  [jvm.dll+0xab9a4]
V  [jvm.dll+0xabd3c]
V  [jvm.dll+0x607bee]
V  [jvm.dll+0x607d8f]
V  [jvm.dll+0x60d46c]
V  [jvm.dll+0x60e36c]
V  [jvm.dll+0x60c84a]
V  [jvm.dll+0x2166be]
V  [jvm.dll+0x215c6f]
V  [jvm.dll+0x1a2960]
V  [jvm.dll+0x22610b]
V  [jvm.dll+0x2242ab]
V  [jvm.dll+0x79075c]
V  [jvm.dll+0x78abea]
V  [jvm.dll+0x678f35]
C  [ucrtbase.dll+0x21bb2]
C  [KERNEL32.DLL+0x17374]
C  [ntdll.dll+0x4cc91]


---------------  P R O C E S S  ---------------

Threads class SMR info:
_java_thread_list=0x000002aa2e6f62b0, length=12, elements={
0x000002aa10c241b0, 0x000002aa2e498410, 0x000002aa2e4991a0, 0x000002aa2e4b1310,
0x000002aa2e4b2bf0, 0x000002aa2e4b34c0, 0x000002aa2e4b3d90, 0x000002aa2e4b4990,
0x000002aa2e4b6360, 0x000002aa2e4c4190, 0x000002aa2e6ef230, 0x000002aa2e6fb750
}

Java Threads: ( => current thread )
  0x000002aa10c241b0 JavaThread "main" [_thread_in_vm, id=4084, stack(0x000000b24b400000,0x000000b24b500000)]
  0x000002aa2e498410 JavaThread "Reference Handler" daemon [_thread_blocked, id=9948, stack(0x000000b24bb00000,0x000000b24bc00000)]
  0x000002aa2e4991a0 JavaThread "Finalizer" daemon [_thread_blocked, id=4492, stack(0x000000b24bc00000,0x000000b24bd00000)]
  0x000002aa2e4b1310 JavaThread "Signal Dispatcher" daemon [_thread_blocked, id=16056, stack(0x000000b24be00000,0x000000b24bf00000)]
  0x000002aa2e4b2bf0 JavaThread "Attach Listener" daemon [_thread_blocked, id=8256, stack(0x000000b24bf00000,0x000000b24c000000)]
  0x000002aa2e4b34c0 JavaThread "Service Thread" daemon [_thread_blocked, id=21308, stack(0x000000b24c000000,0x000000b24c100000)]
  0x000002aa2e4b3d90 JavaThread "Monitor Deflation Thread" daemon [_thread_blocked, id=20128, stack(0x000000b24c100000,0x000000b24c200000)]
=>0x000002aa2e4b4990 JavaThread "C2 CompilerThread0" daemon [_thread_in_native, id=12188, stack(0x000000b24c200000,0x000000b24c300000)]
  0x000002aa2e4b6360 JavaThread "C1 CompilerThread0" daemon [_thread_in_native, id=9168, stack(0x000000b24c300000,0x000000b24c400000)]
  0x000002aa2e4c4190 JavaThread "Sweeper thread" daemon [_thread_blocked, id=21156, stack(0x000000b24c400000,0x000000b24c500000)]
  0x000002aa2e6ef230 JavaThread "Notification Thread" daemon [_thread_blocked, id=19644, stack(0x000000b24c500000,0x000000b24c600000)]
  0x000002aa2e6fb750 JavaThread "Common-Cleaner" daemon [_thread_blocked, id=14776, stack(0x000000b24c700000,0x000000b24c800000)]

Other Threads:
  0x000002aa2e492c30 VMThread "VM Thread" [stack: 0x000000b24ba00000,0x000000b24bb00000] [id=14648]
  0x000002aa2e49bab0 WatcherThread [stack: 0x000000b24c600000,0x000000b24c700000] [id=21124]
  0x000002aa10c80350 GCTaskThread "GC Thread#0" [stack: 0x000000b24b500000,0x000000b24b600000] [id=12124]
  0x000002aa74093110 GCTaskThread "GC Thread#1" [stack: 0x000000b24c800000,0x000000b24c900000] [id=16864]
  0x000002aa740933d0 GCTaskThread "GC Thread#2" [stack: 0x000000b24c900000,0x000000b24ca00000] [id=19424]
  0x000002aa74094510 GCTaskThread "GC Thread#3" [stack: 0x000000b24ca00000,0x000000b24cb00000] [id=7304]
  0x000002aa10c90df0 ConcurrentGCThread "G1 Main Marker" [stack: 0x000000b24b600000,0x000000b24b700000] [id=20028]
  0x000002aa10c91eb0 ConcurrentGCThread "G1 Conc#0" [stack: 0x000000b24b700000,0x000000b24b800000] [id=7452]
  0x000002aa2e350090 ConcurrentGCThread "G1 Refine#0" [stack: 0x000000b24b800000,0x000000b24b900000] [id=13320]
  0x000002aa2e3509d0 ConcurrentGCThread "G1 Service" [stack: 0x000000b24b900000,0x000000b24ba00000] [id=18852]

Threads with active compile tasks:
C2 CompilerThread0    11039 5542   !   4       org.jetbrains.kotlin.metadata.ProtoBuf$Function::<init> (1508 bytes)
C1 CompilerThread0    11039 5680       3       org.jetbrains.kotlin.fir.backend.Fir2IrTypeConverter::toIrType (1744 bytes)

VM state: not at safepoint (normal execution)

VM Mutex/Monitor currently owned by a thread: None

Heap address: 0x0000000081e00000, size: 2018 MB, Compressed Oops mode: 32-bit

CDS archive(s) mapped at: [0x000002aa2f000000-0x000002aa2fbd0000-0x000002aa2fbd0000), size 12386304, SharedBaseAddress: 0x000002aa2f000000, ArchiveRelocationMode: 1.
Compressed class space mapped at: 0x000002aa30000000-0x000002aa70000000, reserved size: 1073741824
Narrow klass base: 0x000002aa2f000000, Narrow klass shift: 0, Narrow klass range: 0x100000000

GC Precious Log:
 CPUs: 4 total, 4 available
 Memory: 8071M
 Large Page Support: Disabled
 NUMA Support: Disabled
 Compressed Oops: Enabled (32-bit)
 Heap Region Size: 1M
 Heap Min Capacity: 8M
 Heap Initial Capacity: 128M
 Heap Max Capacity: 2018M
 Pre-touch: Disabled
 Parallel Workers: 4
 Concurrent Workers: 1
 Concurrent Refinement Workers: 4
 Periodic GC: Disabled

Heap:
 garbage-first heap   total 151552K, used 60150K [0x0000000081e00000, 0x0000000100000000)
  region size 1024K, 23 young (23552K), 2 survivors (2048K)
 Metaspace       used 50874K, committed 51200K, reserved 1114112K
  class space    used 5875K, committed 6016K, reserved 1048576K

Heap Regions: E=young(eden), S=young(survivor), O=old, HS=humongous(starts), HC=humongous(continues), CS=collection set, F=free, OA=open archive, CA=closed archive, TAMS=top-at-mark-start (previous, next)
|   0|0x0000000081e00000, 0x0000000081f00000, 0x0000000081f00000|100%|HS|  |TAMS 0x0000000081f00000, 0x0000000081e00000| Complete 
|   1|0x0000000081f00000, 0x0000000082000000, 0x0000000082000000|100%|HC|  |TAMS 0x0000000082000000, 0x0000000081f00000| Complete 
|   2|0x0000000082000000, 0x0000000082100000, 0x0000000082100000|100%|HC|  |TAMS 0x0000000082100000, 0x0000000082000000| Complete 
|   3|0x0000000082100000, 0x0000000082200000, 0x0000000082200000|100%| O|  |TAMS 0x0000000082200000, 0x0000000082100000| Untracked 
|   4|0x0000000082200000, 0x0000000082300000, 0x0000000082300000|100%| O|  |TAMS 0x0000000082300000, 0x0000000082200000| Untracked 
|   5|0x0000000082300000, 0x0000000082400000, 0x0000000082400000|100%| O|  |TAMS 0x0000000082400000, 0x0000000082300000| Untracked 
|   6|0x0000000082400000, 0x0000000082500000, 0x0000000082500000|100%| O|  |TAMS 0x0000000082500000, 0x0000000082400000| Untracked 
|   7|0x0000000082500000, 0x0000000082600000, 0x0000000082600000|100%| O|  |TAMS 0x0000000082600000, 0x0000000082500000| Untracked 
|   8|0x0000000082600000, 0x0000000082700000, 0x0000000082700000|100%| O|  |TAMS 0x0000000082700000, 0x0000000082600000| Untracked 
|   9|0x0000000082700000, 0x0000000082800000, 0x0000000082800000|100%| O|  |TAMS 0x0000000082800000, 0x0000000082700000| Untracked 
|  10|0x0000000082800000, 0x0000000082900000, 0x0000000082900000|100%| O|  |TAMS 0x0000000082900000, 0x0000000082800000| Untracked 
|  11|0x0000000082900000, 0x0000000082a00000, 0x0000000082a00000|100%| O|  |TAMS 0x0000000082a00000, 0x0000000082900000| Untracked 
|  12|0x0000000082a00000, 0x0000000082b00000, 0x0000000082b00000|100%|HS|  |TAMS 0x0000000082b00000, 0x0000000082a00000| Complete 
|  13|0x0000000082b00000, 0x0000000082c00000, 0x0000000082c00000|100%| O|  |TAMS 0x0000000082c00000, 0x0000000082b00000| Untracked 
|  14|0x0000000082c00000, 0x0000000082d00000, 0x0000000082d00000|100%| O|  |TAMS 0x0000000082d00000, 0x0000000082c00000| Untracked 
|  15|0x0000000082d00000, 0x0000000082e00000, 0x0000000082e00000|100%| O|  |TAMS 0x0000000082d00000, 0x0000000082d00000| Untracked 
|  16|0x0000000082e00000, 0x0000000082f00000, 0x0000000082f00000|100%| O|  |TAMS 0x0000000082efe400, 0x0000000082e00000| Untracked 
|  17|0x0000000082f00000, 0x0000000083000000, 0x0000000083000000|100%| O|  |TAMS 0x0000000082f00000, 0x0000000082f00000| Untracked 
|  18|0x0000000083000000, 0x0000000083100000, 0x0000000083100000|100%| O|  |TAMS 0x0000000083000000, 0x0000000083000000| Untracked 
|  19|0x0000000083100000, 0x0000000083200000, 0x0000000083200000|100%| O|  |TAMS 0x0000000083100000, 0x0000000083100000| Untracked 
|  20|0x0000000083200000, 0x0000000083300000, 0x0000000083300000|100%| O|  |TAMS 0x0000000083200000, 0x0000000083200000| Untracked 
|  21|0x0000000083300000, 0x0000000083400000, 0x0000000083400000|100%| O|  |TAMS 0x0000000083300000, 0x0000000083300000| Untracked 
|  22|0x0000000083400000, 0x0000000083500000, 0x0000000083500000|100%| O|  |TAMS 0x0000000083400000, 0x0000000083400000| Untracked 
|  23|0x0000000083500000, 0x0000000083600000, 0x0000000083600000|100%| O|  |TAMS 0x0000000083500000, 0x0000000083500000| Untracked 
|  24|0x0000000083600000, 0x0000000083700000, 0x0000000083700000|100%| O|  |TAMS 0x0000000083600000, 0x0000000083600000| Untracked 
|  25|0x0000000083700000, 0x0000000083800000, 0x0000000083800000|100%| O|  |TAMS 0x0000000083700000, 0x0000000083700000| Untracked 
|  26|0x0000000083800000, 0x0000000083900000, 0x0000000083900000|100%| O|  |TAMS 0x0000000083800000, 0x0000000083800000| Untracked 
|  27|0x0000000083900000, 0x0000000083a00000, 0x0000000083a00000|100%| O|  |TAMS 0x0000000083900000, 0x0000000083900000| Untracked 
|  28|0x0000000083a00000, 0x0000000083b00000, 0x0000000083b00000|100%| O|  |TAMS 0x0000000083a00000, 0x0000000083a00000| Untracked 
|  29|0x0000000083b00000, 0x0000000083c00000, 0x0000000083c00000|100%| O|  |TAMS 0x0000000083b00000, 0x0000000083b00000| Untracked 
|  30|0x0000000083c00000, 0x0000000083d00000, 0x0000000083d00000|100%| O|  |TAMS 0x0000000083c00000, 0x0000000083c00000| Untracked 
|  31|0x0000000083d00000, 0x0000000083e00000, 0x0000000083e00000|100%| O|  |TAMS 0x0000000083d00000, 0x0000000083d00000| Untracked 
|  32|0x0000000083e00000, 0x0000000083f00000, 0x0000000083f00000|100%| O|  |TAMS 0x0000000083e00000, 0x0000000083e00000| Untracked 
|  33|0x0000000083f00000, 0x0000000084000000, 0x0000000084000000|100%| O|  |TAMS 0x0000000083f00000, 0x0000000083f00000| Untracked 
|  34|0x0000000084000000, 0x0000000084100000, 0x0000000084100000|100%| O|  |TAMS 0x0000000084000000, 0x0000000084000000| Untracked 
|  35|0x0000000084100000, 0x0000000084200000, 0x0000000084200000|100%| O|  |TAMS 0x0000000084100000, 0x0000000084100000| Untracked 
|  36|0x0000000084200000, 0x00000000842bd800, 0x0000000084300000| 74%| O|  |TAMS 0x0000000084200000, 0x0000000084200000| Untracked 
|  37|0x0000000084300000, 0x0000000084300000, 0x0000000084400000|  0%| F|  |TAMS 0x0000000084300000, 0x0000000084300000| Untracked 
|  38|0x0000000084400000, 0x0000000084400000, 0x0000000084500000|  0%| F|  |TAMS 0x0000000084400000, 0x0000000084400000| Untracked 
|  39|0x0000000084500000, 0x0000000084500000, 0x0000000084600000|  0%| F|  |TAMS 0x0000000084500000, 0x0000000084500000| Untracked 
|  40|0x0000000084600000, 0x0000000084600000, 0x0000000084700000|  0%| F|  |TAMS 0x0000000084600000, 0x0000000084600000| Untracked 
|  41|0x0000000084700000, 0x0000000084700000, 0x0000000084800000|  0%| F|  |TAMS 0x0000000084700000, 0x0000000084700000| Untracked 
|  42|0x0000000084800000, 0x0000000084800000, 0x0000000084900000|  0%| F|  |TAMS 0x0000000084800000, 0x0000000084800000| Untracked 
|  43|0x0000000084900000, 0x0000000084900000, 0x0000000084a00000|  0%| F|  |TAMS 0x0000000084900000, 0x0000000084900000| Untracked 
|  44|0x0000000084a00000, 0x0000000084a00000, 0x0000000084b00000|  0%| F|  |TAMS 0x0000000084a00000, 0x0000000084a00000| Untracked 
|  45|0x0000000084b00000, 0x0000000084b00000, 0x0000000084c00000|  0%| F|  |TAMS 0x0000000084b00000, 0x0000000084b00000| Untracked 
|  46|0x0000000084c00000, 0x0000000084c00000, 0x0000000084d00000|  0%| F|  |TAMS 0x0000000084c00000, 0x0000000084c00000| Untracked 
|  47|0x0000000084d00000, 0x0000000084d00000, 0x0000000084e00000|  0%| F|  |TAMS 0x0000000084d00000, 0x0000000084d00000| Untracked 
|  48|0x0000000084e00000, 0x0000000084e00000, 0x0000000084f00000|  0%| F|  |TAMS 0x0000000084e00000, 0x0000000084e00000| Untracked 
|  49|0x0000000084f00000, 0x0000000084f00000, 0x0000000085000000|  0%| F|  |TAMS 0x0000000084f00000, 0x0000000084f00000| Untracked 
|  50|0x0000000085000000, 0x0000000085000000, 0x0000000085100000|  0%| F|  |TAMS 0x0000000085000000, 0x0000000085000000| Untracked 
|  51|0x0000000085100000, 0x0000000085100000, 0x0000000085200000|  0%| F|  |TAMS 0x0000000085100000, 0x0000000085100000| Untracked 
|  52|0x0000000085200000, 0x0000000085200000, 0x0000000085300000|  0%| F|  |TAMS 0x0000000085200000, 0x0000000085200000| Untracked 
|  53|0x0000000085300000, 0x0000000085300000, 0x0000000085400000|  0%| F|  |TAMS 0x0000000085300000, 0x0000000085300000| Untracked 
|  54|0x0000000085400000, 0x0000000085500000, 0x0000000085500000|100%| S|CS|TAMS 0x0000000085400000, 0x0000000085400000| Complete 
|  55|0x0000000085500000, 0x0000000085600000, 0x0000000085600000|100%| S|CS|TAMS 0x0000000085500000, 0x0000000085500000| Complete 
|  56|0x0000000085600000, 0x0000000085600000, 0x0000000085700000|  0%| F|  |TAMS 0x0000000085600000, 0x0000000085600000| Untracked 
|  57|0x0000000085700000, 0x0000000085700000, 0x0000000085800000|  0%| F|  |TAMS 0x0000000085700000, 0x0000000085700000| Untracked 
|  58|0x0000000085800000, 0x0000000085800000, 0x0000000085900000|  0%| F|  |TAMS 0x0000000085800000, 0x0000000085800000| Untracked 
|  59|0x0000000085900000, 0x0000000085900000, 0x0000000085a00000|  0%| F|  |TAMS 0x0000000085900000, 0x0000000085900000| Untracked 
|  60|0x0000000085a00000, 0x0000000085a00000, 0x0000000085b00000|  0%| F|  |TAMS 0x0000000085a00000, 0x0000000085a00000| Untracked 
|  61|0x0000000085b00000, 0x0000000085b00000, 0x0000000085c00000|  0%| F|  |TAMS 0x0000000085b00000, 0x0000000085b00000| Untracked 
|  62|0x0000000085c00000, 0x0000000085c00000, 0x0000000085d00000|  0%| F|  |TAMS 0x0000000085c00000, 0x0000000085c00000| Untracked 
|  63|0x0000000085d00000, 0x0000000085d00000, 0x0000000085e00000|  0%| F|  |TAMS 0x0000000085d00000, 0x0000000085d00000| Untracked 
|  64|0x0000000085e00000, 0x0000000085e00000, 0x0000000085f00000|  0%| F|  |TAMS 0x0000000085e00000, 0x0000000085e00000| Untracked 
|  65|0x0000000085f00000, 0x0000000085f00000, 0x0000000086000000|  0%| F|  |TAMS 0x0000000085f00000, 0x0000000085f00000| Untracked 
|  66|0x0000000086000000, 0x0000000086000000, 0x0000000086100000|  0%| F|  |TAMS 0x0000000086000000, 0x0000000086000000| Untracked 
|  67|0x0000000086100000, 0x0000000086100000, 0x0000000086200000|  0%| F|  |TAMS 0x0000000086100000, 0x0000000086100000| Untracked 
|  68|0x0000000086200000, 0x0000000086200000, 0x0000000086300000|  0%| F|  |TAMS 0x0000000086200000, 0x0000000086200000| Untracked 
|  69|0x0000000086300000, 0x0000000086300000, 0x0000000086400000|  0%| F|  |TAMS 0x0000000086300000, 0x0000000086300000| Untracked 
|  70|0x0000000086400000, 0x0000000086400000, 0x0000000086500000|  0%| F|  |TAMS 0x0000000086400000, 0x0000000086400000| Untracked 
|  71|0x0000000086500000, 0x0000000086500000, 0x0000000086600000|  0%| F|  |TAMS 0x0000000086500000, 0x0000000086500000| Untracked 
|  72|0x0000000086600000, 0x0000000086600000, 0x0000000086700000|  0%| F|  |TAMS 0x0000000086600000, 0x0000000086600000| Untracked 
|  73|0x0000000086700000, 0x0000000086700000, 0x0000000086800000|  0%| F|  |TAMS 0x0000000086700000, 0x0000000086700000| Untracked 
|  74|0x0000000086800000, 0x0000000086800000, 0x0000000086900000|  0%| F|  |TAMS 0x0000000086800000, 0x0000000086800000| Untracked 
|  75|0x0000000086900000, 0x0000000086900000, 0x0000000086a00000|  0%| F|  |TAMS 0x0000000086900000, 0x0000000086900000| Untracked 
|  76|0x0000000086a00000, 0x0000000086a00000, 0x0000000086b00000|  0%| F|  |TAMS 0x0000000086a00000, 0x0000000086a00000| Untracked 
|  77|0x0000000086b00000, 0x0000000086b00000, 0x0000000086c00000|  0%| F|  |TAMS 0x0000000086b00000, 0x0000000086b00000| Untracked 
|  78|0x0000000086c00000, 0x0000000086c00000, 0x0000000086d00000|  0%| F|  |TAMS 0x0000000086c00000, 0x0000000086c00000| Untracked 
|  79|0x0000000086d00000, 0x0000000086d00000, 0x0000000086e00000|  0%| F|  |TAMS 0x0000000086d00000, 0x0000000086d00000| Untracked 
|  80|0x0000000086e00000, 0x0000000086e00000, 0x0000000086f00000|  0%| F|  |TAMS 0x0000000086e00000, 0x0000000086e00000| Untracked 
|  81|0x0000000086f00000, 0x0000000086f00000, 0x0000000087000000|  0%| F|  |TAMS 0x0000000086f00000, 0x0000000086f00000| Untracked 
|  82|0x0000000087000000, 0x0000000087000000, 0x0000000087100000|  0%| F|  |TAMS 0x0000000087000000, 0x0000000087000000| Untracked 
|  83|0x0000000087100000, 0x0000000087100000, 0x0000000087200000|  0%| F|  |TAMS 0x0000000087100000, 0x0000000087100000| Untracked 
|  84|0x0000000087200000, 0x0000000087200000, 0x0000000087300000|  0%| F|  |TAMS 0x0000000087200000, 0x0000000087200000| Untracked 
|  85|0x0000000087300000, 0x0000000087300000, 0x0000000087400000|  0%| F|  |TAMS 0x0000000087300000, 0x0000000087300000| Untracked 
|  86|0x0000000087400000, 0x0000000087400000, 0x0000000087500000|  0%| F|  |TAMS 0x0000000087400000, 0x0000000087400000| Untracked 
|  87|0x0000000087500000, 0x0000000087500000, 0x0000000087600000|  0%| F|  |TAMS 0x0000000087500000, 0x0000000087500000| Untracked 
|  88|0x0000000087600000, 0x0000000087600000, 0x0000000087700000|  0%| F|  |TAMS 0x0000000087600000, 0x0000000087600000| Untracked 
|  89|0x0000000087700000, 0x0000000087700000, 0x0000000087800000|  0%| F|  |TAMS 0x0000000087700000, 0x0000000087700000| Untracked 
|  90|0x0000000087800000, 0x0000000087800000, 0x0000000087900000|  0%| F|  |TAMS 0x0000000087800000, 0x0000000087800000| Untracked 
|  91|0x0000000087900000, 0x0000000087900000, 0x0000000087a00000|  0%| F|  |TAMS 0x0000000087900000, 0x0000000087900000| Untracked 
|  92|0x0000000087a00000, 0x0000000087a00000, 0x0000000087b00000|  0%| F|  |TAMS 0x0000000087a00000, 0x0000000087a00000| Untracked 
|  93|0x0000000087b00000, 0x0000000087b00000, 0x0000000087c00000|  0%| F|  |TAMS 0x0000000087b00000, 0x0000000087b00000| Untracked 
|  94|0x0000000087c00000, 0x0000000087c00000, 0x0000000087d00000|  0%| F|  |TAMS 0x0000000087c00000, 0x0000000087c00000| Untracked 
|  95|0x0000000087d00000, 0x0000000087d00000, 0x0000000087e00000|  0%| F|  |TAMS 0x0000000087d00000, 0x0000000087d00000| Untracked 
|  96|0x0000000087e00000, 0x0000000087e00000, 0x0000000087f00000|  0%| F|  |TAMS 0x0000000087e00000, 0x0000000087e00000| Untracked 
|  97|0x0000000087f00000, 0x0000000087f00000, 0x0000000088000000|  0%| F|  |TAMS 0x0000000087f00000, 0x0000000087f00000| Untracked 
|  98|0x0000000088000000, 0x0000000088000000, 0x0000000088100000|  0%| F|  |TAMS 0x0000000088000000, 0x0000000088000000| Untracked 
|  99|0x0000000088100000, 0x0000000088100000, 0x0000000088200000|  0%| F|  |TAMS 0x0000000088100000, 0x0000000088100000| Untracked 
| 100|0x0000000088200000, 0x0000000088200000, 0x0000000088300000|  0%| F|  |TAMS 0x0000000088200000, 0x0000000088200000| Untracked 
| 101|0x0000000088300000, 0x0000000088300000, 0x0000000088400000|  0%| F|  |TAMS 0x0000000088300000, 0x0000000088300000| Untracked 
| 102|0x0000000088400000, 0x0000000088400000, 0x0000000088500000|  0%| F|  |TAMS 0x0000000088400000, 0x0000000088400000| Untracked 
| 103|0x0000000088500000, 0x0000000088500000, 0x0000000088600000|  0%| F|  |TAMS 0x0000000088500000, 0x0000000088500000| Untracked 
| 104|0x0000000088600000, 0x0000000088600000, 0x0000000088700000|  0%| F|  |TAMS 0x0000000088600000, 0x0000000088600000| Untracked 
| 105|0x0000000088700000, 0x0000000088700000, 0x0000000088800000|  0%| F|  |TAMS 0x0000000088700000, 0x0000000088700000| Untracked 
| 106|0x0000000088800000, 0x0000000088800000, 0x0000000088900000|  0%| F|  |TAMS 0x0000000088800000, 0x0000000088800000| Untracked 
| 107|0x0000000088900000, 0x0000000088900000, 0x0000000088a00000|  0%| F|  |TAMS 0x0000000088900000, 0x0000000088900000| Untracked 
| 108|0x0000000088a00000, 0x0000000088a00000, 0x0000000088b00000|  0%| F|  |TAMS 0x0000000088a00000, 0x0000000088a00000| Untracked 
| 109|0x0000000088b00000, 0x0000000088b00000, 0x0000000088c00000|  0%| F|  |TAMS 0x0000000088b00000, 0x0000000088b00000| Untracked 
| 110|0x0000000088c00000, 0x0000000088c00000, 0x0000000088d00000|  0%| F|  |TAMS 0x0000000088c00000, 0x0000000088c00000| Untracked 
| 111|0x0000000088d00000, 0x0000000088d00000, 0x0000000088e00000|  0%| F|  |TAMS 0x0000000088d00000, 0x0000000088d00000| Untracked 
| 112|0x0000000088e00000, 0x0000000088e00000, 0x0000000088f00000|  0%| F|  |TAMS 0x0000000088e00000, 0x0000000088e00000| Untracked 
| 113|0x0000000088f00000, 0x0000000088f00000, 0x0000000089000000|  0%| F|  |TAMS 0x0000000088f00000, 0x0000000088f00000| Untracked 
| 114|0x0000000089000000, 0x0000000089000000, 0x0000000089100000|  0%| F|  |TAMS 0x0000000089000000, 0x0000000089000000| Untracked 
| 115|0x0000000089100000, 0x0000000089100000, 0x0000000089200000|  0%| F|  |TAMS 0x0000000089100000, 0x0000000089100000| Untracked 
| 116|0x0000000089200000, 0x0000000089200000, 0x0000000089300000|  0%| F|  |TAMS 0x0000000089200000, 0x0000000089200000| Untracked 
| 117|0x0000000089300000, 0x0000000089300000, 0x0000000089400000|  0%| F|  |TAMS 0x0000000089300000, 0x0000000089300000| Untracked 
| 118|0x0000000089400000, 0x0000000089400000, 0x0000000089500000|  0%| F|  |TAMS 0x0000000089400000, 0x0000000089400000| Untracked 
| 119|0x0000000089500000, 0x0000000089500000, 0x0000000089600000|  0%| F|  |TAMS 0x0000000089500000, 0x0000000089500000| Untracked 
| 120|0x0000000089600000, 0x0000000089600000, 0x0000000089700000|  0%| F|  |TAMS 0x0000000089600000, 0x0000000089600000| Untracked 
| 121|0x0000000089700000, 0x0000000089700000, 0x0000000089800000|  0%| F|  |TAMS 0x0000000089700000, 0x0000000089700000| Untracked 
| 122|0x0000000089800000, 0x0000000089800000, 0x0000000089900000|  0%| F|  |TAMS 0x0000000089800000, 0x0000000089800000| Untracked 
| 123|0x0000000089900000, 0x0000000089900000, 0x0000000089a00000|  0%| F|  |TAMS 0x0000000089900000, 0x0000000089900000| Untracked 
| 124|0x0000000089a00000, 0x0000000089a00000, 0x0000000089b00000|  0%| F|  |TAMS 0x0000000089a00000, 0x0000000089a00000| Untracked 
| 125|0x0000000089b00000, 0x0000000089b00000, 0x0000000089c00000|  0%| F|  |TAMS 0x0000000089b00000, 0x0000000089b00000| Untracked 
| 126|0x0000000089c00000, 0x0000000089c00000, 0x0000000089d00000|  0%| F|  |TAMS 0x0000000089c00000, 0x0000000089c00000| Untracked 
| 127|0x0000000089d00000, 0x0000000089d83eb8, 0x0000000089e00000| 51%| E|  |TAMS 0x0000000089d00000, 0x0000000089d00000| Complete 
| 128|0x0000000089e00000, 0x0000000089f00000, 0x0000000089f00000|100%| E|CS|TAMS 0x0000000089e00000, 0x0000000089e00000| Complete 
| 129|0x0000000089f00000, 0x000000008a000000, 0x000000008a000000|100%| E|CS|TAMS 0x0000000089f00000, 0x0000000089f00000| Complete 
| 130|0x000000008a000000, 0x000000008a100000, 0x000000008a100000|100%| E|CS|TAMS 0x000000008a000000, 0x000000008a000000| Complete 
| 131|0x000000008a100000, 0x000000008a200000, 0x000000008a200000|100%| E|CS|TAMS 0x000000008a100000, 0x000000008a100000| Complete 
| 132|0x000000008a200000, 0x000000008a300000, 0x000000008a300000|100%| E|CS|TAMS 0x000000008a200000, 0x000000008a200000| Complete 
| 133|0x000000008a300000, 0x000000008a400000, 0x000000008a400000|100%| E|CS|TAMS 0x000000008a300000, 0x000000008a300000| Complete 
| 134|0x000000008a400000, 0x000000008a500000, 0x000000008a500000|100%| E|CS|TAMS 0x000000008a400000, 0x000000008a400000| Complete 
| 135|0x000000008a500000, 0x000000008a600000, 0x000000008a600000|100%| E|CS|TAMS 0x000000008a500000, 0x000000008a500000| Complete 
| 136|0x000000008a600000, 0x000000008a700000, 0x000000008a700000|100%| E|CS|TAMS 0x000000008a600000, 0x000000008a600000| Complete 
| 137|0x000000008a700000, 0x000000008a800000, 0x000000008a800000|100%| E|CS|TAMS 0x000000008a700000, 0x000000008a700000| Complete 
| 138|0x000000008a800000, 0x000000008a900000, 0x000000008a900000|100%| E|CS|TAMS 0x000000008a800000, 0x000000008a800000| Complete 
| 139|0x000000008a900000, 0x000000008aa00000, 0x000000008aa00000|100%| E|CS|TAMS 0x000000008a900000, 0x000000008a900000| Complete 
| 140|0x000000008aa00000, 0x000000008ab00000, 0x000000008ab00000|100%| E|CS|TAMS 0x000000008aa00000, 0x000000008aa00000| Complete 
| 141|0x000000008ab00000, 0x000000008ac00000, 0x000000008ac00000|100%| E|CS|TAMS 0x000000008ab00000, 0x000000008ab00000| Complete 
| 142|0x000000008ac00000, 0x000000008ad00000, 0x000000008ad00000|100%| E|CS|TAMS 0x000000008ac00000, 0x000000008ac00000| Complete 
| 143|0x000000008ad00000, 0x000000008ae00000, 0x000000008ae00000|100%| E|CS|TAMS 0x000000008ad00000, 0x000000008ad00000| Complete 
| 144|0x000000008ae00000, 0x000000008af00000, 0x000000008af00000|100%| E|CS|TAMS 0x000000008ae00000, 0x000000008ae00000| Complete 
| 145|0x000000008af00000, 0x000000008b000000, 0x000000008b000000|100%| E|CS|TAMS 0x000000008af00000, 0x000000008af00000| Complete 
| 146|0x000000008b000000, 0x000000008b100000, 0x000000008b100000|100%| E|CS|TAMS 0x000000008b000000, 0x000000008b000000| Complete 
| 147|0x000000008b100000, 0x000000008b200000, 0x000000008b200000|100%| E|CS|TAMS 0x000000008b100000, 0x000000008b100000| Complete 

Card table byte_map: [0x000002aa278f0000,0x000002aa27cf0000] _byte_map_base: 0x000002aa274e1000

Marking Bits (Prev, Next): (CMBitMap*) 0x000002aa10c80880, (CMBitMap*) 0x000002aa10c808c0
 Prev Bits: [0x000002aa280f0000, 0x000002aa2a078000)
 Next Bits: [0x000002aa2a080000, 0x000002aa2c008000)

Polling page: 0x000002aa0eab0000

Metaspace:

Usage:
  Non-class:     44.00 MB used.
      Class:      5.74 MB used.
       Both:     49.75 MB used.

Virtual space:
  Non-class space:       64.00 MB reserved,      44.19 MB ( 69%) committed,  1 nodes.
      Class space:        1.00 GB reserved,       5.88 MB ( <1%) committed,  1 nodes.
             Both:        1.06 GB reserved,      50.06 MB (  5%) committed. 

Chunk freelists:
   Non-Class:  2.69 MB
       Class:  10.17 MB
        Both:  12.86 MB

MaxMetaspaceSize: unlimited
CompressedClassSpaceSize: 1.00 GB
Initial GC threshold: 21.00 MB
Current GC threshold: 58.06 MB
CDS: on
MetaspaceReclaimPolicy: balanced
 - commit_granule_bytes: 65536.
 - commit_granule_words: 8192.
 - virtual_space_node_default_size: 8388608.
 - enlarge_chunks_in_place: 1.
 - new_chunks_are_fully_committed: 0.
 - uncommit_free_chunks: 1.
 - use_allocation_guard: 0.
 - handle_deallocations: 1.


Internal statistics:

num_allocs_failed_limit: 3.
num_arena_births: 274.
num_arena_deaths: 0.
num_vsnodes_births: 2.
num_vsnodes_deaths: 0.
num_space_committed: 801.
num_space_uncommitted: 0.
num_chunks_returned_to_freelist: 3.
num_chunks_taken_from_freelist: 2060.
num_chunk_merges: 0.
num_chunk_splits: 1653.
num_chunks_enlarged: 1492.
num_inconsistent_stats: 0.

CodeHeap 'non-profiled nmethods': size=120000Kb used=2183Kb max_used=2183Kb free=117816Kb
 bounds [0x000002aa1ffc0000, 0x000002aa20230000, 0x000002aa274f0000]
CodeHeap 'profiled nmethods': size=120000Kb used=13250Kb max_used=13250Kb free=106750Kb
 bounds [0x000002aa184f0000, 0x000002aa191f0000, 0x000002aa1fa20000]
CodeHeap 'non-nmethods': size=5760Kb used=1411Kb max_used=1428Kb free=4348Kb
 bounds [0x000002aa1fa20000, 0x000002aa1fc90000, 0x000002aa1ffc0000]
 total_blobs=6422 nmethods=5667 adapters=666
 compilation: enabled
              stopped_count=0, restarted_count=0
 full_count=0

Compilation events (20 events):
Event: 10.959 Thread 0x000002aa2e4b6360 nmethod 5670 0x000002aa191de810 code [0x000002aa191deae0, 0x000002aa191df8f8]
Event: 10.959 Thread 0x000002aa2e4b6360 5669       1       org.jetbrains.kotlin.ir.declarations.impl.IrClassImpl::isExternal (5 bytes)
Event: 10.959 Thread 0x000002aa2e4b6360 nmethod 5669 0x000002aa201dfe10 code [0x000002aa201dffa0, 0x000002aa201e0078]
Event: 10.959 Thread 0x000002aa2e4b6360 5671       1       org.jetbrains.kotlin.ir.declarations.impl.IrFunctionImpl::getOrigin (5 bytes)
Event: 10.960 Thread 0x000002aa2e4b6360 nmethod 5671 0x000002aa201e0110 code [0x000002aa201e02a0, 0x000002aa201e0378]
Event: 10.960 Thread 0x000002aa2e4b6360 5672       1       org.jetbrains.kotlin.ir.declarations.impl.IrClassImpl::getThisReceiver (5 bytes)
Event: 10.960 Thread 0x000002aa2e4b6360 nmethod 5672 0x000002aa201e0410 code [0x000002aa201e05a0, 0x000002aa201e0678]
Event: 10.960 Thread 0x000002aa2e4b6360 5673       1       org.jetbrains.kotlin.ir.declarations.impl.IrValueParameterImpl::getType (5 bytes)
Event: 10.960 Thread 0x000002aa2e4b6360 nmethod 5673 0x000002aa201e0710 code [0x000002aa201e08a0, 0x000002aa201e0978]
Event: 10.960 Thread 0x000002aa2e4b6360 5674       1       org.jetbrains.kotlin.fir.backend.Fir2IrComponentsStorage::getClassifiersGenerator (5 bytes)
Event: 10.960 Thread 0x000002aa2e4b6360 nmethod 5674 0x000002aa201e0a10 code [0x000002aa201e0ba0, 0x000002aa201e0c78]
Event: 10.960 Thread 0x000002aa2e4b6360 5675       1       org.jetbrains.kotlin.ir.declarations.impl.IrFunctionImpl::isFakeOverride (5 bytes)
Event: 10.960 Thread 0x000002aa2e4b6360 nmethod 5675 0x000002aa201e0d10 code [0x000002aa201e0ea0, 0x000002aa201e0f78]
Event: 10.960 Thread 0x000002aa2e4b6360 5676       1       org.jetbrains.kotlin.fir.declarations.impl.FirReceiverParameterImpl::getAnnotations-5e3fPpI (5 bytes)
Event: 10.960 Thread 0x000002aa2e4b6360 nmethod 5676 0x000002aa201e1010 code [0x000002aa201e11a0, 0x000002aa201e1278]
Event: 10.960 Thread 0x000002aa2e4b6360 5677       3       org.jetbrains.kotlin.KtSourceElementKt::getPsi (28 bytes)
Event: 10.961 Thread 0x000002aa2e4b6360 nmethod 5677 0x000002aa191dfd90 code [0x000002aa191dff60, 0x000002aa191e03c8]
Event: 10.961 Thread 0x000002aa2e4b6360 5678       3       org.jetbrains.kotlin.fir.backend.utils.OffsetUtilsKt::access$isCompiledElement (5 bytes)
Event: 10.961 Thread 0x000002aa2e4b6360 nmethod 5678 0x000002aa191e0490 code [0x000002aa191e0620, 0x000002aa191e0728]
Event: 10.961 Thread 0x000002aa2e4b6360 5680       3       org.jetbrains.kotlin.fir.backend.Fir2IrTypeConverter::toIrType (1744 bytes)

GC Heap History (20 events):
Event: 4.295 GC heap before
{Heap before GC invocations=6 (full 0):
 garbage-first heap   total 37888K, used 26652K [0x0000000081e00000, 0x0000000100000000)
  region size 1024K, 15 young (15360K), 1 survivors (1024K)
 Metaspace       used 27841K, committed 28096K, reserved 1114112K
  class space    used 3532K, committed 3648K, reserved 1048576K
}
Event: 4.299 GC heap after
{Heap after GC invocations=7 (full 0):
 garbage-first heap   total 37888K, used 12501K [0x0000000081e00000, 0x0000000100000000)
  region size 1024K, 1 young (1024K), 1 survivors (1024K)
 Metaspace       used 27841K, committed 28096K, reserved 1114112K
  class space    used 3532K, committed 3648K, reserved 1048576K
}
Event: 4.831 GC heap before
{Heap before GC invocations=7 (full 0):
 garbage-first heap   total 37888K, used 26837K [0x0000000081e00000, 0x0000000100000000)
  region size 1024K, 16 young (16384K), 1 survivors (1024K)
 Metaspace       used 31854K, committed 32128K, reserved 1114112K
  class space    used 3916K, committed 4032K, reserved 1048576K
}
Event: 4.836 GC heap after
{Heap after GC invocations=8 (full 0):
 garbage-first heap   total 37888K, used 13304K [0x0000000081e00000, 0x0000000100000000)
  region size 1024K, 2 young (2048K), 2 survivors (2048K)
 Metaspace       used 31854K, committed 32128K, reserved 1114112K
  class space    used 3916K, committed 4032K, reserved 1048576K
}
Event: 5.585 GC heap before
{Heap before GC invocations=8 (full 0):
 garbage-first heap   total 37888K, used 26616K [0x0000000081e00000, 0x0000000100000000)
  region size 1024K, 16 young (16384K), 2 survivors (2048K)
 Metaspace       used 34495K, committed 34752K, reserved 1114112K
  class space    used 4197K, committed 4288K, reserved 1048576K
}
Event: 5.594 GC heap after
{Heap after GC invocations=9 (full 0):
 garbage-first heap   total 37888K, used 14558K [0x0000000081e00000, 0x0000000100000000)
  region size 1024K, 2 young (2048K), 2 survivors (2048K)
 Metaspace       used 34495K, committed 34752K, reserved 1114112K
  class space    used 4197K, committed 4288K, reserved 1048576K
}
Event: 5.848 GC heap before
{Heap before GC invocations=9 (full 0):
 garbage-first heap   total 37888K, used 28894K [0x0000000081e00000, 0x0000000100000000)
  region size 1024K, 15 young (15360K), 2 survivors (2048K)
 Metaspace       used 35225K, committed 35456K, reserved 1114112K
  class space    used 4272K, committed 4352K, reserved 1048576K
}
Event: 5.864 GC heap after
{Heap after GC invocations=10 (full 0):
 garbage-first heap   total 37888K, used 19449K [0x0000000081e00000, 0x0000000100000000)
  region size 1024K, 2 young (2048K), 2 survivors (2048K)
 Metaspace       used 35225K, committed 35456K, reserved 1114112K
  class space    used 4272K, committed 4352K, reserved 1048576K
}
Event: 5.948 GC heap before
{Heap before GC invocations=10 (full 0):
 garbage-first heap   total 37888K, used 27641K [0x0000000081e00000, 0x0000000100000000)
  region size 1024K, 10 young (10240K), 2 survivors (2048K)
 Metaspace       used 35263K, committed 35520K, reserved 1114112K
  class space    used 4272K, committed 4352K, reserved 1048576K
}
Event: 5.959 GC heap after
{Heap after GC invocations=11 (full 0):
 garbage-first heap   total 75776K, used 22822K [0x0000000081e00000, 0x0000000100000000)
  region size 1024K, 2 young (2048K), 2 survivors (2048K)
 Metaspace       used 35263K, committed 35520K, reserved 1114112K
  class space    used 4272K, committed 4352K, reserved 1048576K
}
Event: 6.865 GC heap before
{Heap before GC invocations=12 (full 0):
 garbage-first heap   total 75776K, used 51494K [0x0000000081e00000, 0x0000000100000000)
  region size 1024K, 30 young (30720K), 2 survivors (2048K)
 Metaspace       used 38985K, committed 39232K, reserved 1114112K
  class space    used 4655K, committed 4736K, reserved 1048576K
}
Event: 6.881 GC heap after
{Heap after GC invocations=13 (full 0):
 garbage-first heap   total 75776K, used 28236K [0x0000000081e00000, 0x0000000100000000)
  region size 1024K, 4 young (4096K), 4 survivors (4096K)
 Metaspace       used 38985K, committed 39232K, reserved 1114112K
  class space    used 4655K, committed 4736K, reserved 1048576K
}
Event: 6.909 GC heap before
{Heap before GC invocations=13 (full 0):
 garbage-first heap   total 75776K, used 29260K [0x0000000081e00000, 0x0000000100000000)
  region size 1024K, 5 young (5120K), 4 survivors (4096K)
 Metaspace       used 39190K, committed 39424K, reserved 1114112K
  class space    used 4679K, committed 4800K, reserved 1048576K
}
Event: 6.921 GC heap after
{Heap after GC invocations=14 (full 0):
 garbage-first heap   total 75776K, used 28951K [0x0000000081e00000, 0x0000000100000000)
  region size 1024K, 1 young (1024K), 1 survivors (1024K)
 Metaspace       used 39190K, committed 39424K, reserved 1114112K
  class space    used 4679K, committed 4800K, reserved 1048576K
}
Event: 8.183 GC heap before
{Heap before GC invocations=14 (full 0):
 garbage-first heap   total 75776K, used 52503K [0x0000000081e00000, 0x0000000100000000)
  region size 1024K, 25 young (25600K), 1 survivors (1024K)
 Metaspace       used 42223K, committed 42560K, reserved 1114112K
  class space    used 5041K, committed 5184K, reserved 1048576K
}
Event: 8.200 GC heap after
{Heap after GC invocations=15 (full 0):
 garbage-first heap   total 75776K, used 32183K [0x0000000081e00000, 0x0000000100000000)
  region size 1024K, 4 young (4096K), 4 survivors (4096K)
 Metaspace       used 42223K, committed 42560K, reserved 1114112K
  class space    used 5041K, committed 5184K, reserved 1048576K
}
Event: 9.289 GC heap before
{Heap before GC invocations=15 (full 0):
 garbage-first heap   total 75776K, used 54711K [0x0000000081e00000, 0x0000000100000000)
  region size 1024K, 26 young (26624K), 4 survivors (4096K)
 Metaspace       used 43207K, committed 43456K, reserved 1114112K
  class space    used 5142K, committed 5248K, reserved 1048576K
}
Event: 9.317 GC heap after
{Heap after GC invocations=16 (full 0):
 garbage-first heap   total 75776K, used 37272K [0x0000000081e00000, 0x0000000100000000)
  region size 1024K, 4 young (4096K), 4 survivors (4096K)
 Metaspace       used 43207K, committed 43456K, reserved 1114112K
  class space    used 5142K, committed 5248K, reserved 1048576K
}
Event: 10.377 GC heap before
{Heap before GC invocations=16 (full 0):
 garbage-first heap   total 75776K, used 54680K [0x0000000081e00000, 0x0000000100000000)
  region size 1024K, 22 young (22528K), 4 survivors (4096K)
 Metaspace       used 46595K, committed 46848K, reserved 1114112K
  class space    used 5479K, committed 5568K, reserved 1048576K
}
Event: 10.393 GC heap after
{Heap after GC invocations=17 (full 0):
 garbage-first heap   total 151552K, used 39670K [0x0000000081e00000, 0x0000000100000000)
  region size 1024K, 2 young (2048K), 2 survivors (2048K)
 Metaspace       used 46595K, committed 46848K, reserved 1114112K
  class space    used 5479K, committed 5568K, reserved 1048576K
}

Deoptimization events (20 events):
Event: 10.685 Thread 0x000002aa10c241b0 Uncommon trap: trap_request=0xffffffde fr.pc=0x000002aa200d4a2c relative=0x000000000000020c
Event: 10.685 Thread 0x000002aa10c241b0 Uncommon trap: reason=class_check action=maybe_recompile pc=0x000002aa200d4a2c method=org.jetbrains.kotlin.protobuf.CodedOutputStream.refreshBuffer()V @ 28 c2
Event: 10.685 Thread 0x000002aa10c241b0 DEOPT PACKING pc=0x000002aa200d4a2c sp=0x000000b24b4fdce0
Event: 10.685 Thread 0x000002aa10c241b0 DEOPT UNPACKING pc=0x000002aa1fa723a3 sp=0x000000b24b4fdc48 mode 2
Event: 10.685 Thread 0x000002aa10c241b0 Uncommon trap: trap_request=0xffffffde fr.pc=0x000002aa200d4a2c relative=0x000000000000020c
Event: 10.685 Thread 0x000002aa10c241b0 Uncommon trap: reason=class_check action=maybe_recompile pc=0x000002aa200d4a2c method=org.jetbrains.kotlin.protobuf.CodedOutputStream.refreshBuffer()V @ 28 c2
Event: 10.685 Thread 0x000002aa10c241b0 DEOPT PACKING pc=0x000002aa200d4a2c sp=0x000000b24b4fdce0
Event: 10.685 Thread 0x000002aa10c241b0 DEOPT UNPACKING pc=0x000002aa1fa723a3 sp=0x000000b24b4fdc48 mode 2
Event: 10.685 Thread 0x000002aa10c241b0 Uncommon trap: trap_request=0xffffffde fr.pc=0x000002aa200d4a2c relative=0x000000000000020c
Event: 10.685 Thread 0x000002aa10c241b0 Uncommon trap: reason=class_check action=maybe_recompile pc=0x000002aa200d4a2c method=org.jetbrains.kotlin.protobuf.CodedOutputStream.refreshBuffer()V @ 28 c2
Event: 10.685 Thread 0x000002aa10c241b0 DEOPT PACKING pc=0x000002aa200d4a2c sp=0x000000b24b4fdce0
Event: 10.685 Thread 0x000002aa10c241b0 DEOPT UNPACKING pc=0x000002aa1fa723a3 sp=0x000000b24b4fdc48 mode 2
Event: 10.685 Thread 0x000002aa10c241b0 Uncommon trap: trap_request=0xffffffde fr.pc=0x000002aa200d4a2c relative=0x000000000000020c
Event: 10.685 Thread 0x000002aa10c241b0 Uncommon trap: reason=class_check action=maybe_recompile pc=0x000002aa200d4a2c method=org.jetbrains.kotlin.protobuf.CodedOutputStream.refreshBuffer()V @ 28 c2
Event: 10.685 Thread 0x000002aa10c241b0 DEOPT PACKING pc=0x000002aa200d4a2c sp=0x000000b24b4fdce0
Event: 10.685 Thread 0x000002aa10c241b0 DEOPT UNPACKING pc=0x000002aa1fa723a3 sp=0x000000b24b4fdc48 mode 2
Event: 10.685 Thread 0x000002aa10c241b0 Uncommon trap: trap_request=0xffffffde fr.pc=0x000002aa200d1a2c relative=0x000000000000020c
Event: 10.686 Thread 0x000002aa10c241b0 Uncommon trap: reason=class_check action=maybe_recompile pc=0x000002aa200d1a2c method=org.jetbrains.kotlin.protobuf.CodedOutputStream.refreshBuffer()V @ 28 c2
Event: 10.686 Thread 0x000002aa10c241b0 DEOPT PACKING pc=0x000002aa200d1a2c sp=0x000000b24b4fdc80
Event: 10.686 Thread 0x000002aa10c241b0 DEOPT UNPACKING pc=0x000002aa1fa723a3 sp=0x000000b24b4fdc48 mode 2

Classes unloaded (0 events):
No events

Classes redefined (0 events):
No events

Internal exceptions (20 events):
Event: 6.987 Thread 0x000002aa10c241b0 Exception <a 'java/lang/NoSuchMethodError'{0x0000000086ff0148}: 'java.lang.Object java.lang.invoke.DirectMethodHandle$Holder.newInvokeSpecial(java.lang.Object, int, java.lang.Object)'> (0x0000000086ff0148) 
thrown [s\open\src\hotspot\share\interpreter\linkResolver.cpp, line 759]
Event: 7.300 Thread 0x000002aa10c241b0 Exception <a 'java/lang/NoSuchMethodError'{0x0000000085d0e650}: 'java.lang.Object java.lang.invoke.DirectMethodHandle$Holder.newInvokeSpecial(java.lang.Object, java.lang.Object, java.lang.Object, java.lang.Object, int, java.lang.Object, java.lang.Object)'> (0x0000000085d0e650) 
thrown [s\open\src\hotspot\share\interpreter\linkResolver.cpp, line 759]
Event: 7.300 Thread 0x000002aa10c241b0 Exception <a 'java/lang/NoSuchMethodError'{0x0000000085d18198}: 'java.lang.Object java.lang.invoke.Invokers$Holder.linkToTargetMethod(java.lang.Object, java.lang.Object, java.lang.Object, int, java.lang.Object, java.lang.Object, java.lang.Object)'> (0x0000000085d18198) 
thrown [s\open\src\hotspot\share\interpreter\linkResolver.cpp, line 759]
Event: 7.413 Thread 0x000002aa10c241b0 Exception <a 'java/lang/NoSuchMethodError'{0x0000000085c774c0}: 'java.lang.Object java.lang.invoke.DirectMethodHandle$Holder.invokeSpecial(java.lang.Object, java.lang.Object, int, java.lang.Object, java.lang.Object)'> (0x0000000085c774c0) 
thrown [s\open\src\hotspot\share\interpreter\linkResolver.cpp, line 759]
Event: 7.521 Thread 0x000002aa10c241b0 Exception <a 'java/lang/NoSuchMethodError'{0x0000000085a01b60}: 'java.lang.Object java.lang.invoke.DirectMethodHandle$Holder.newInvokeSpecial(java.lang.Object, java.lang.Object, java.lang.Object, java.lang.Object, java.lang.Object, java.lang.Object, java.lang.Object, java.lang.Object, java.lang.Object)'> (0x0000000085a01b60) 
thrown [s\open\src\hotspot\share\interpreter\linkResolver.cpp, line 759]
Event: 7.521 Thread 0x000002aa10c241b0 Exception <a 'java/lang/NoSuchMethodError'{0x0000000085a07420}: 'java.lang.Object java.lang.invoke.DirectMethodHandle$Holder.invokeSpecial(java.lang.Object, java.lang.Object, java.lang.Object, java.lang.Object, java.lang.Object, java.lang.Object, java.lang.Object, java.lang.Object, java.lang.Object, java.lang.Object)'> (0x0000000085a07420) 
thrown [s\open\src\hotspot\share\interpreter\linkResolver.cpp, line 759]
Event: 7.522 Thread 0x000002aa10c241b0 Exception <a 'java/lang/NoSuchMethodError'{0x0000000085a0bc90}: 'java.lang.Object java.lang.invoke.Invokers$Holder.linkToTargetMethod(java.lang.Object, java.lang.Object, java.lang.Object, java.lang.Object, java.lang.Object, java.lang.Object, java.lang.Object, java.lang.Object, java.lang.Object)'> (0x0000000085a0bc90) 
thrown [s\open\src\hotspot\share\interpreter\linkResolver.cpp, line 759]
Event: 8.638 Thread 0x000002aa10c241b0 Exception <a 'java/lang/NoSuchMethodError'{0x0000000085e607b8}: 'java.lang.Object java.lang.invoke.DirectMethodHandle$Holder.invokeStatic(java.lang.Object, java.lang.Object, java.lang.Object, int, java.lang.Object, java.lang.Object)'> (0x0000000085e607b8) 
thrown [s\open\src\hotspot\share\interpreter\linkResolver.cpp, line 759]
Event: 9.025 Thread 0x000002aa10c241b0 Exception <a 'java/lang/NoSuchMethodError'{0x00000000856afc58}: 'java.lang.Object java.lang.invoke.DirectMethodHandle$Holder.newInvokeSpecial(java.lang.Object, java.lang.Object, java.lang.Object, java.lang.Object, java.lang.Object, int)'> (0x00000000856afc58) 
thrown [s\open\src\hotspot\share\interpreter\linkResolver.cpp, line 759]
Event: 9.027 Thread 0x000002aa10c241b0 Exception <a 'java/lang/NoSuchMethodError'{0x00000000856b48b8}: 'java.lang.Object java.lang.invoke.DirectMethodHandle$Holder.invokeSpecial(java.lang.Object, java.lang.Object, java.lang.Object, java.lang.Object, java.lang.Object, java.lang.Object, int)'> (0x00000000856b48b8) 
thrown [s\open\src\hotspot\share\interpreter\linkResolver.cpp, line 759]
Event: 9.028 Thread 0x000002aa10c241b0 Exception <a 'java/lang/NoSuchMethodError'{0x00000000856b8ea0}: 'java.lang.Object java.lang.invoke.Invokers$Holder.linkToTargetMethod(java.lang.Object, java.lang.Object, java.lang.Object, java.lang.Object, int, java.lang.Object)'> (0x00000000856b8ea0) 
thrown [s\open\src\hotspot\share\interpreter\linkResolver.cpp, line 759]
Event: 9.171 Thread 0x000002aa10c241b0 Exception <a 'java/lang/NoSuchMethodError'{0x00000000853fd168}: 'java.lang.Object java.lang.invoke.DirectMethodHandle$Holder.newInvokeSpecial(java.lang.Object, int, java.lang.Object, java.lang.Object, java.lang.Object)'> (0x00000000853fd168) 
thrown [s\open\src\hotspot\share\interpreter\linkResolver.cpp, line 759]
Event: 9.172 Thread 0x000002aa10c241b0 Exception <a 'java/lang/NoSuchMethodError'{0x0000000085205410}: 'java.lang.Object java.lang.invoke.Invokers$Holder.linkToTargetMethod(int, java.lang.Object, java.lang.Object, java.lang.Object, java.lang.Object)'> (0x0000000085205410) 
thrown [s\open\src\hotspot\share\interpreter\linkResolver.cpp, line 759]
Event: 10.154 Thread 0x000002aa10c241b0 Exception <a 'java/lang/NoSuchMethodError'{0x0000000085914888}: 'java.lang.Object java.lang.invoke.DirectMethodHandle$Holder.invokeStaticInit(java.lang.Object, int, int, java.lang.Object)'> (0x0000000085914888) 
thrown [s\open\src\hotspot\share\interpreter\linkResolver.cpp, line 759]
Event: 10.170 Thread 0x000002aa10c241b0 Implicit null exception at 0x000002aa2012be55 to 0x000002aa2012c018
Event: 10.328 Thread 0x000002aa10c241b0 Exception <a 'java/lang/NoSuchMethodError'{0x00000000857da690}: 'java.lang.Object java.lang.invoke.DirectMethodHandle$Holder.newInvokeSpecial(java.lang.Object, java.lang.Object, int, java.lang.Object, java.lang.Object, java.lang.Object)'> (0x00000000857da690) 
thrown [s\open\src\hotspot\share\interpreter\linkResolver.cpp, line 759]
Event: 10.329 Thread 0x000002aa10c241b0 Exception <a 'java/lang/NoSuchMethodError'{0x00000000857dea00}: 'java.lang.Object java.lang.invoke.DirectMethodHandle$Holder.invokeSpecial(java.lang.Object, java.lang.Object, java.lang.Object, int, java.lang.Object, java.lang.Object, java.lang.Object)'> (0x00000000857dea00) 
thrown [s\open\src\hotspot\share\interpreter\linkResolver.cpp, line 759]
Event: 10.329 Thread 0x000002aa10c241b0 Exception <a 'java/lang/NoSuchMethodError'{0x00000000857e22e0}: 'java.lang.Object java.lang.invoke.Invokers$Holder.linkToTargetMethod(java.lang.Object, int, java.lang.Object, java.lang.Object, java.lang.Object, java.lang.Object)'> (0x00000000857e22e0) 
thrown [s\open\src\hotspot\share\interpreter\linkResolver.cpp, line 759]
Event: 10.607 Thread 0x000002aa10c241b0 Implicit null exception at 0x000002aa200209f4 to 0x000002aa20021168
Event: 10.610 Thread 0x000002aa10c241b0 Implicit null exception at 0x000002aa20001974 to 0x000002aa200020e0

VM Operations (20 events):
Event: 9.869 Executing VM operation: HandshakeAllThreads
Event: 9.869 Executing VM operation: HandshakeAllThreads done
Event: 9.950 Executing VM operation: HandshakeAllThreads
Event: 9.950 Executing VM operation: HandshakeAllThreads done
Event: 10.012 Executing VM operation: ICBufferFull
Event: 10.013 Executing VM operation: ICBufferFull done
Event: 10.284 Executing VM operation: ICBufferFull
Event: 10.284 Executing VM operation: ICBufferFull done
Event: 10.346 Executing VM operation: HandshakeAllThreads
Event: 10.347 Executing VM operation: HandshakeAllThreads done
Event: 10.377 Executing VM operation: G1CollectForAllocation
Event: 10.393 Executing VM operation: G1CollectForAllocation done
Event: 10.586 Executing VM operation: HandshakeAllThreads
Event: 10.586 Executing VM operation: HandshakeAllThreads done
Event: 10.650 Executing VM operation: HandshakeAllThreads
Event: 10.650 Executing VM operation: HandshakeAllThreads done
Event: 10.652 Executing VM operation: HandshakeAllThreads
Event: 10.652 Executing VM operation: HandshakeAllThreads done
Event: 10.975 Executing VM operation: HandshakeAllThreads
Event: 10.975 Executing VM operation: HandshakeAllThreads done

Events (20 events):
Event: 7.150 loading class java/util/AbstractList$SubList done
Event: 7.150 loading class java/util/AbstractList$RandomAccessSubList done
Event: 7.163 loading class java/util/AbstractList$SubList$1
Event: 7.164 loading class java/util/AbstractList$SubList$1 done
Event: 8.920 loading class java/lang/Byte$ByteCache
Event: 8.921 loading class java/lang/Byte$ByteCache done
Event: 9.805 loading class java/text/MessageFormat
Event: 9.807 loading class java/text/MessageFormat done
Event: 9.868 loading class java/text/ChoiceFormat
Event: 9.869 loading class java/text/ChoiceFormat done
Event: 9.901 loading class java/util/RegularEnumSet$EnumSetIterator
Event: 9.902 loading class java/util/RegularEnumSet$EnumSetIterator done
Event: 10.244 loading class java/util/EnumMap$EntrySet
Event: 10.245 loading class java/util/EnumMap$EntrySet done
Event: 10.245 loading class java/util/EnumMap$EntryIterator
Event: 10.245 loading class java/util/EnumMap$EnumMapIterator
Event: 10.245 loading class java/util/EnumMap$EnumMapIterator done
Event: 10.245 loading class java/util/EnumMap$EntryIterator done
Event: 10.245 loading class java/util/EnumMap$EntryIterator$Entry
Event: 10.246 loading class java/util/EnumMap$EntryIterator$Entry done


Dynamic libraries:
0x00007ff6e7da0000 - 0x00007ff6e7db0000 	C:\Program Files\Java\jdk-17\bin\java.exe
0x00007ffd7b610000 - 0x00007ffd7b808000 	C:\Windows\SYSTEM32\ntdll.dll
0x00007ffd79850000 - 0x00007ffd79912000 	C:\Windows\System32\KERNEL32.DLL
0x00007ffd790b0000 - 0x00007ffd793a6000 	C:\Windows\System32\KERNELBASE.dll
0x00007ffd79510000 - 0x00007ffd79610000 	C:\Windows\System32\ucrtbase.dll
0x00007ffd4e860000 - 0x00007ffd4e879000 	C:\Program Files\Java\jdk-17\bin\jli.dll
0x00007ffd7a0b0000 - 0x00007ffd7a161000 	C:\Windows\System32\ADVAPI32.dll
0x00007ffd79ef0000 - 0x00007ffd79f8e000 	C:\Windows\System32\msvcrt.dll
0x00007ffd7a010000 - 0x00007ffd7a0af000 	C:\Windows\System32\sechost.dll
0x00007ffd7b4b0000 - 0x00007ffd7b5d0000 	C:\Windows\System32\RPCRT4.dll
0x00007ffd79440000 - 0x00007ffd79467000 	C:\Windows\System32\bcrypt.dll
0x00007ffd7ad20000 - 0x00007ffd7aebd000 	C:\Windows\System32\USER32.dll
0x00007ffd79610000 - 0x00007ffd79632000 	C:\Windows\System32\win32u.dll
0x00007ffd79640000 - 0x00007ffd7966b000 	C:\Windows\System32\GDI32.dll
0x00007ffd78d80000 - 0x00007ffd78e99000 	C:\Windows\System32\gdi32full.dll
0x00007ffd79470000 - 0x00007ffd7950d000 	C:\Windows\System32\msvcp_win.dll
0x00007ffd4e840000 - 0x00007ffd4e85b000 	C:\Program Files\Java\jdk-17\bin\VCRUNTIME140.dll
0x00007ffd63290000 - 0x00007ffd6352b000 	C:\Windows\WinSxS\amd64_microsoft.windows.common-controls_6595b64144ccf1df_6.0.19041.6280_none_60bc30a171f2f3f3\COMCTL32.dll
0x00007ffd6f0f0000 - 0x00007ffd6f0fa000 	C:\Windows\SYSTEM32\VERSION.dll
0x00007ffd79670000 - 0x00007ffd7969f000 	C:\Windows\System32\IMM32.DLL
0x00007ffd63130000 - 0x00007ffd6313c000 	C:\Program Files\Java\jdk-17\bin\vcruntime140_1.dll
0x00007ffd3e1f0000 - 0x00007ffd3e27e000 	C:\Program Files\Java\jdk-17\bin\msvcp140.dll
0x00007ffd17bc0000 - 0x00007ffd187a0000 	C:\Program Files\Java\jdk-17\bin\server\jvm.dll
0x00007ffd7a170000 - 0x00007ffd7a178000 	C:\Windows\System32\PSAPI.DLL
0x00007ffd630f0000 - 0x00007ffd630f9000 	C:\Windows\SYSTEM32\WSOCK32.dll
0x00007ffd60530000 - 0x00007ffd60557000 	C:\Windows\SYSTEM32\WINMM.dll
0x00007ffd7ab50000 - 0x00007ffd7abbb000 	C:\Windows\System32\WS2_32.dll
0x00007ffd774d0000 - 0x00007ffd774e2000 	C:\Windows\SYSTEM32\kernel.appcore.dll
0x00007ffd62ed0000 - 0x00007ffd62eda000 	C:\Program Files\Java\jdk-17\bin\jimage.dll
0x00007ffd77290000 - 0x00007ffd77491000 	C:\Windows\SYSTEM32\DBGHELP.DLL
0x00007ffd5efc0000 - 0x00007ffd5eff4000 	C:\Windows\SYSTEM32\dbgcore.DLL
0x00007ffd793b0000 - 0x00007ffd79432000 	C:\Windows\System32\bcryptPrimitives.dll
0x00007ffd414a0000 - 0x00007ffd414c5000 	C:\Program Files\Java\jdk-17\bin\java.dll
0x00007ffd3ddc0000 - 0x00007ffd3de97000 	C:\Program Files\Java\jdk-17\bin\jsvml.dll
0x00007ffd7a180000 - 0x00007ffd7a8f0000 	C:\Windows\System32\SHELL32.dll
0x00007ffd768e0000 - 0x00007ffd77085000 	C:\Windows\SYSTEM32\windows.storage.dll
0x00007ffd7b090000 - 0x00007ffd7b3e3000 	C:\Windows\System32\combase.dll
0x00007ffd78670000 - 0x00007ffd7869b000 	C:\Windows\SYSTEM32\Wldp.dll
0x00007ffd7abc0000 - 0x00007ffd7ac8d000 	C:\Windows\System32\OLEAUT32.dll
0x00007ffd7a8f0000 - 0x00007ffd7a99d000 	C:\Windows\System32\SHCORE.dll
0x00007ffd7b450000 - 0x00007ffd7b4ab000 	C:\Windows\System32\shlwapi.dll
0x00007ffd78be0000 - 0x00007ffd78c04000 	C:\Windows\SYSTEM32\profapi.dll
0x00007ffd410e0000 - 0x00007ffd410f9000 	C:\Program Files\Java\jdk-17\bin\net.dll
0x00007ffd6c120000 - 0x00007ffd6c22a000 	C:\Windows\SYSTEM32\WINHTTP.dll
0x00007ffd78370000 - 0x00007ffd783da000 	C:\Windows\system32\mswsock.dll
0x00007ffd410c0000 - 0x00007ffd410d6000 	C:\Program Files\Java\jdk-17\bin\nio.dll
0x00007ffd41100000 - 0x00007ffd41118000 	C:\Program Files\Java\jdk-17\bin\zip.dll
0x00007ffd62b60000 - 0x00007ffd62b70000 	C:\Program Files\Java\jdk-17\bin\verify.dll

dbghelp: loaded successfully - version: 4.0.5 - missing functions: none
symbol engine: initialized successfully - sym options: 0x614 - pdb path: .;C:\Program Files\Java\jdk-17\bin;C:\Windows\SYSTEM32;C:\Windows\WinSxS\amd64_microsoft.windows.common-controls_6595b64144ccf1df_6.0.19041.6280_none_60bc30a171f2f3f3;C:\Program Files\Java\jdk-17\bin\server

VM Arguments:
java_command: org.jetbrains.kotlin.cli.jvm.K2JVMCompiler @C:\Users\hp\3D Objects\My Project\react-native\30days-challenge\node_modules\@react-native\gradle-plugin\shared\build\20250923_5804269800745922955.compiler.options
java_class_path (initial): C:\Users\hp\.gradle\caches\modules-2\files-2.1\org.jetbrains.kotlin\kotlin-compiler-embeddable\2.1.20\4ef56b3316798316bfac7a0ae443391c9e900ea1\kotlin-compiler-embeddable-2.1.20.jar;C:\Users\hp\.gradle\caches\modules-2\files-2.1\org.jetbrains.kotlin\kotlin-stdlib\2.1.20\aa8ca79cd50578314f6d1180c47cbe14c0fee567\kotlin-stdlib-2.1.20.jar;C:\Users\hp\.gradle\caches\modules-2\files-2.1\org.jetbrains.kotlin\kotlin-script-runtime\2.1.20\f7c623d7f7bdb01f5ccd6b437bc0a937fcd7c57e\kotlin-script-runtime-2.1.20.jar;C:\Users\hp\.gradle\caches\modules-2\files-2.1\org.jetbrains.kotlin\kotlin-reflect\1.6.10\1cbe9c92c12a94eea200d23c2bbaedaf3daf5132\kotlin-reflect-1.6.10.jar;C:\Users\hp\.gradle\caches\modules-2\files-2.1\org.jetbrains.kotlin\kotlin-daemon-embeddable\2.1.20\95670fce77befd02a70a0bc3abe8ee4533521334\kotlin-daemon-embeddable-2.1.20.jar;C:\Users\hp\.gradle\caches\modules-2\files-2.1\org.jetbrains.intellij.deps\trove4j\1.0.20200330\3afb14d5f9ceb459d724e907a21145e8ff394f02\trove4j-1.0.20200330.jar;C:\Users\hp\.gradle\caches\modules-2\files-2.1\org.jetbrains.kotlinx\kotlinx-coroutines-core-jvm\1.8.0\ac1dc37a30a93150b704022f8d895ee1bd3a36b3\kotlinx-coroutines-core-jvm-1.8.0.jar;C:\Users\hp\.gradle\caches\modules-2\files-2.1\org.jetbrains\annotations\13.0\919f0dfe192fb4e063e7dacadee7f8bb9a2672a9\annotations-13.0.jar
Launcher Type: SUN_STANDARD

[Global flags]
     intx CICompilerCount                          = 3                                         {product} {ergonomic}
     uint ConcGCThreads                            = 1                                         {product} {ergonomic}
     uint G1ConcRefinementThreads                  = 4                                         {product} {ergonomic}
   size_t G1HeapRegionSize                         = 1048576                                   {product} {ergonomic}
    uintx GCDrainStackTargetSize                   = 64                                        {product} {ergonomic}
   size_t InitialHeapSize                          = 134217728                                 {product} {ergonomic}
   size_t MarkStackSize                            = 4194304                                   {product} {ergonomic}
   size_t MaxHeapSize                              = 2116026368                                {product} {ergonomic}
   size_t MaxNewSize                               = 1268776960                                {product} {ergonomic}
   size_t MinHeapDeltaBytes                        = 1048576                                   {product} {ergonomic}
   size_t MinHeapSize                              = 8388608                                   {product} {ergonomic}
    uintx NonNMethodCodeHeapSize                   = 5832780                                {pd product} {ergonomic}
    uintx NonProfiledCodeHeapSize                  = 122912730                              {pd product} {ergonomic}
    uintx ProfiledCodeHeapSize                     = 122912730                              {pd product} {ergonomic}
    uintx ReservedCodeCacheSize                    = 251658240                              {pd product} {ergonomic}
     bool SegmentedCodeCache                       = true                                      {product} {ergonomic}
   size_t SoftMaxHeapSize                          = 2116026368                             {manageable} {ergonomic}
     bool UseCompressedClassPointers               = true                           {product lp64_product} {ergonomic}
     bool UseCompressedOops                        = true                           {product lp64_product} {ergonomic}
     bool UseG1GC                                  = true                                      {product} {ergonomic}
     bool UseLargePagesIndividualAllocation        = false                                  {pd product} {ergonomic}

Logging:
Log output configuration:
 #0: stdout all=warning uptime,level,tags
 #1: stderr all=off uptime,level,tags

Environment Variables:
PATH=C:\Windows\system32;C:\Windows;C:\Windows\System32\Wbem;C:\Windows\System32\WindowsPowerShell\v1.0\;C:\Windows\System32\OpenSSH\;C:\Program Files\Git\cmd;C:\Program Files\nodejs\;C:\Users\hp\Desktop\nodejs\;C:\Users\hp\AppData\Local\Programs\Eclipse Adoptium\jre-17.0.15.6-hotspot\bin;C:\Users\hp\AppData\Local\Microsoft\WindowsApps;C:\Users\hp\AppData\Local\Programs\Microsoft VS Code\bin;C:\Users\hp\AppData\Roaming\npm
USERNAME=hp
LANG=en_US.UTF-8
OS=Windows_NT
PROCESSOR_IDENTIFIER=Intel64 Family 6 Model 78 Stepping 3, GenuineIntel



---------------  S Y S T E M  ---------------

OS:
 Windows 10 , 64 bit Build 19041 (10.0.19041.5915)
OS uptime: 6 days 21:27 hours

CPU: total 4 (initial active 4) (2 cores per cpu, 2 threads per core) family 6 model 78 stepping 3 microcode 0xf0, cx8, cmov, fxsr, ht, mmx, 3dnowpref, sse, sse2, sse3, ssse3, sse4.1, sse4.2, popcnt, lzcnt, tsc, tscinvbit, avx, avx2, aes, erms, clmul, bmi1, bmi2, rtm, adx, fma, vzeroupper, clflush, clflushopt

Memory: 4k page, system-wide physical 8071M (289M free)
TotalPageFile size 32647M (AvailPageFile size 3M)
current process WorkingSet (physical memory assigned to process): 233M, peak: 233M
current process commit charge ("private bytes"): 326M, peak: 326M

vm_info: Java HotSpot(TM) 64-Bit Server VM (17.0.12+8-LTS-286) for windows-amd64 JRE (17.0.12+8-LTS-286), built on Jun  5 2024 06:46:59 by "mach5one" with MS VC++ 17.6 (VS2022)

END.
